Using pre-set license
Built from '2020.3/release' branch; Version is '2020.3.7f1 (dd97f2c94397) revision 14522354'; Using compiler version '192528614'; Build Type 'Release'
OS: 'Windows 10 Home; OS build 19043.1052; Version 2009; 64bit' Language: 'en' Physical Memory: 4010 MB
BatchMode: 1, IsHumanControllingUs: 0, StartBugReporterOnCrash: 0, Is64bit: 1, IsPro: 0

 COMMAND LINE ARGUMENTS:
C:\Program Files\Unity\Hub\Editor\2020.3.7f1\Editor\Unity.exe
-adb2
-batchMode
-noUpm
-name
AssetImportWorker0
-projectPath
C:/Users/yohas/Documents/Continuum-Crowds
-logFile
Logs/AssetImportWorker0.log
-srvPort
54578
Successfully changed project path to: C:/Users/yohas/Documents/Continuum-Crowds
C:/Users/yohas/Documents/Continuum-Crowds
Using Asset Import Pipeline V2.
Refreshing native plugins compatible for Editor in 56.64 ms, found 0 plugins.
Preloading 0 native plugins for Editor in 0.00 ms.
Initialize engine version: 2020.3.7f1 (dd97f2c94397)
[Subsystems] Discovering subsystems at path C:/Program Files/Unity/Hub/Editor/2020.3.7f1/Editor/Data/Resources/UnitySubsystems
[Subsystems] Discovering subsystems at path C:/Users/yohas/Documents/Continuum-Crowds/Assets
GfxDevice: creating device client; threaded=0
Direct3D:
    Version:  Direct3D 11.0 [level 11.1]
    Renderer: Intel(R) HD Graphics Family (ID=0xa16)
    Vendor:   
    VRAM:     2005 MB
    Driver:   20.19.15.4549
Initialize mono
Mono path[0] = 'C:/Program Files/Unity/Hub/Editor/2020.3.7f1/Editor/Data/Managed'
Mono path[1] = 'C:/Program Files/Unity/Hub/Editor/2020.3.7f1/Editor/Data/MonoBleedingEdge/lib/mono/unityjit'
Mono config path = 'C:/Program Files/Unity/Hub/Editor/2020.3.7f1/Editor/Data/MonoBleedingEdge/etc'
Using monoOptions --debugger-agent=transport=dt_socket,embedding=1,server=y,suspend=n,address=127.0.0.1:56772
Begin MonoManager ReloadAssembly
Registering precompiled unity dll's ...
Register platform support module: C:/Program Files/Unity/Hub/Editor/2020.3.7f1/Editor/Data/PlaybackEngines/WebGLSupport/UnityEditor.WebGL.Extensions.dll
Register platform support module: C:/Program Files/Unity/Hub/Editor/2020.3.7f1/Editor/Data/PlaybackEngines/WindowsStandaloneSupport/UnityEditor.WindowsStandalone.Extensions.dll
Registered in 0.006924 seconds.
Native extension for WindowsStandalone target not found
Native extension for WebGL target not found
Refreshing native plugins compatible for Editor in 35.38 ms, found 0 plugins.
Preloading 0 native plugins for Editor in 0.00 ms.
Mono: successfully reloaded assembly
- Completed reload, in 11.103 seconds
Platform modules already initialized, skipping
Registering precompiled user dll's ...
Registered in 0.036442 seconds.
Begin MonoManager ReloadAssembly
Native extension for WindowsStandalone target not found
Native extension for WebGL target not found
Refreshing native plugins compatible for Editor in 0.30 ms, found 0 plugins.
Preloading 0 native plugins for Editor in 0.00 ms.
Mono: successfully reloaded assembly
- Completed reload, in  1.400 seconds
Platform modules already initialized, skipping
========================================================================
Worker process is ready to serve import requests
Launched and connected shader compiler UnityShaderCompiler.exe after 0.09 seconds
Refreshing native plugins compatible for Editor in 1.17 ms, found 0 plugins.
Preloading 0 native plugins for Editor in 0.00 ms.
Unloading 1173 Unused Serialized files (Serialized files now loaded: 0)
System memory in use before: 72.3 MB.
System memory in use after: 72.4 MB.

Unloading 9 unused Assets to reduce memory usage. Loaded Objects now: 1631.
Total: 8.420800 ms (FindLiveObjects: 0.419100 ms CreateObjectMapping: 0.175300 ms MarkObjects: 7.335000 ms  DeleteObjects: 0.488200 ms)

========================================================================
Received Import Request.
  path: Assets/Continuum Crowds/Classes/CcValues.cs
  artifactKey: Guid(3c2092c67a11e8545994980960b6fca0) Importer(815301076,1909f56bfc062723c751e8b465ee728b)
Start importing Assets/Continuum Crowds/Classes/CcValues.cs using Guid(3c2092c67a11e8545994980960b6fca0) Importer(815301076,1909f56bfc062723c751e8b465ee728b)  -> (artifact id: '922c737ce9d819d384897e90b7f4798a') in 0.286685 seconds
  Import took 0.293649 seconds .

========================================================================
Received Import Request.
  Time since last request: 58.180784 seconds.
  path: Assets/Continuum Crowds/Classes/CcUnit.cs
  artifactKey: Guid(2ce6545381aa0d04d9d9da0e5fc394c8) Importer(815301076,1909f56bfc062723c751e8b465ee728b)
Start importing Assets/Continuum Crowds/Classes/CcUnit.cs using Guid(2ce6545381aa0d04d9d9da0e5fc394c8) Importer(815301076,1909f56bfc062723c751e8b465ee728b)  -> (artifact id: '804a028ac156ef6c3a65de5e1cebe8c5') in 0.026367 seconds
  Import took 0.038104 seconds .

========================================================================
Received Import Request.
  Time since last request: 35.907869 seconds.
  path: Assets/Continuum Crowds/Classes
  artifactKey: Guid(6b69960e13994994bacce159bf524fe1) Importer(815301076,1909f56bfc062723c751e8b465ee728b)
Start importing Assets/Continuum Crowds/Classes using Guid(6b69960e13994994bacce159bf524fe1) Importer(815301076,1909f56bfc062723c751e8b465ee728b)  -> (artifact id: 'fc47d0720f021434fad8c5ecef1f622b') in 0.014574 seconds
  Import took 0.019934 seconds .

========================================================================
Received Import Request.
  Time since last request: 7.181774 seconds.
  path: Assets/Continuum Crowds/Classes/CcValues.cs
  artifactKey: Guid(3c2092c67a11e8545994980960b6fca0) Importer(815301076,1909f56bfc062723c751e8b465ee728b)
Start importing Assets/Continuum Crowds/Classes/CcValues.cs using Guid(3c2092c67a11e8545994980960b6fca0) Importer(815301076,1909f56bfc062723c751e8b465ee728b)  -> (artifact id: 'cf46b19246c2dd3047f571653bd22baa') in 0.022341 seconds
  Import took 0.032670 seconds .

========================================================================
Received Import Request.
  Time since last request: 39.646454 seconds.
  path: Assets/Continuum Crowds/Classes/CcValues.cs
  artifactKey: Guid(3c2092c67a11e8545994980960b6fca0) Importer(815301076,1909f56bfc062723c751e8b465ee728b)
Start importing Assets/Continuum Crowds/Classes/CcValues.cs using Guid(3c2092c67a11e8545994980960b6fca0) Importer(815301076,1909f56bfc062723c751e8b465ee728b)  -> (artifact id: '8cf9964af6b060b6ffec5ddc29934448') in 0.084809 seconds
  Import took 0.096653 seconds .

